<?xml version="1.0" encoding="UTF-8"?>
<!-- Generated by org.testng.reporters.JUnitReportReporter -->
<testsuite hostname="MSI" failures="0" tests="1" name="nativeTest.Test" time="23.000" errors="0" timestamp="2024-10-06T21:54:51 IST" skipped="0">
  <testcase classname="nativeTest.Test" name="tc" time="23.000"/>
</testsuite> <!-- nativeTest.Test -->
