<?xml version="1.0" encoding="UTF-8"?>
<!-- Generated by org.testng.reporters.JUnitReportReporter -->
<testsuite hostname="MSI" failures="0" tests="6" name="api_testing.Beeceptor" time="10.595" errors="0" timestamp="2024-10-03T17:09:50 IST" skipped="0">
  <testcase classname="api_testing.Beeceptor" name="ListOfOrders" time="1.418"/>
  <system-out/>
  <testcase classname="api_testing.Beeceptor" name="GetList" time="3.816"/>
  <system-out/>
  <testcase classname="api_testing.Beeceptor" name="UpdatedOrders" time="1.331"/>
  <system-out/>
  <testcase classname="api_testing.Beeceptor" name="OrderStatus" time="1.290"/>
  <system-out/>
  <testcase classname="api_testing.Beeceptor" name="RetrieveAList" time="1.369"/>
  <system-out/>
  <testcase classname="api_testing.Beeceptor" name="ListOfUserOrders" time="1.371"/>
  <system-out/>
</testsuite> <!-- api_testing.Beeceptor -->
